make all --print-data-base --no-builtin-variables --no-builtin-rules --question
# GNU Make 3.81
# Copyright (C) 2006  Free Software Foundation, Inc.
# This is free software; see the source for copying conditions.
# There is NO warranty; not even for MERCHANTABILITY or FITNESS FOR A
# PARTICULAR PURPOSE.

# This program built for i386-apple-darwin11.3.0
 

# Make data base, printed on Mon Nov 27 19:13:52 2023

# Variables

# automatic
<D = $(patsubst %/,%,$(dir $<))
# automatic
?F = $(notdir $?)
# makefile (from `Makefile', line 6)
INCDIR := inc
# environment
VSCODE_CRASH_REPORTER_PROCESS_TYPE = extensionHost
# automatic
?D = $(patsubst %/,%,$(dir $?))
# automatic
@D = $(patsubst %/,%,$(dir $@))
# automatic
@F = $(notdir $@)
# makefile
CURDIR := /Users/jaeyojun/Desktop/42서울본과정커밋1/circle5/ft_irc_jaeyojun
# makefile
SHELL = /bin/sh
# environment
VSCODE_NLS_CONFIG = {"locale":"en-us","osLocale":"en","availableLanguages":{},"_languagePackSupport":true}
# environment
_ = /usr/bin/make
# makefile (from `Makefile', line 1)
 
MAKEFILE_LIST :=  Makefile
# makefile (from `Makefile', line 2)
CXXFLAGS := -std=c++98 -Wall -Wextra -Werror
# makefile (from `Makefile', line 22)
OBJS := src/main.o src/Server.o src/Message.o src/Client.o src/Channel.o src/Command.o
# makefile (from `Makefile', line 16)
INCS := inc/Server.hpp inc/Message.hpp inc/Client.hpp inc/Channel.hpp inc/Command.hpp 
# environment
VSCODE_CWD = /
# environment
PATH = /Users/jaeyojun/.brew/bin:/Users/jaeyojun/.brew/bin:/usr/local/bin:/usr/bin:/bin:/usr/sbin:/sbin:/usr/local/munki:/Library/Apple/usr/bin
# environment
ELECTRON_RUN_AS_NODE = 1
# makefile (from `Makefile', line 3)
LDFLAGS := 
# default
.FEATURES := target-specific order-only second-expansion else-if archives jobserver check-symlink
# environment
SSH_AUTH_SOCK = /private/tmp/com.apple.launchd.V7MYCEmU7p/Listeners
# makefile (from `Makefile', line 5)
SRCDIR := src
# automatic
%F = $(notdir $%)
# environment
PWD = /Users/jaeyojun/Desktop/42서울본과정커밋1/circle5/ft_irc_jaeyojun
# environment
ORIGINAL_XDG_CURRENT_DESKTOP = undefined
# environment
VSCODE_AMD_ENTRYPOINT = vs/workbench/api/node/extensionHostProcess
# environment
HOME = /Users/jaeyojun
# default
MAKEFILEPATH := /Applications/Xcode.app/Contents/Developer/Makefiles
# environment
VSCODE_CODE_CACHE_PATH = /Users/jaeyojun/Library/Application Support/Code/CachedData/695af097c7bd098fbf017ce3ac85e09bbc5dda06
# environment
LOGNAME = jaeyojun
# environment
APPLICATION_INSIGHTS_NO_DIAGNOSTIC_CHANNEL = 1
# environment
VSCODE_HANDLES_UNCAUGHT_ERRORS = true
# automatic
^D = $(patsubst %/,%,$(dir $^))
# environment
XPC_FLAGS = 0x0
# default
MAKE = $(MAKE_COMMAND)
# default
MAKECMDGOALS := all
# makefile (from `Makefile', line 8)
SRCS := src/main.cpp src/Server.cpp src/Message.cpp src/Client.cpp src/Channel.cpp src/Command.cpp 
# environment
SHLVL = 1
# default
MAKE_VERSION := 3.81
# environment
USER = jaeyojun
# makefile
.DEFAULT_GOAL := all
# makefile (from `Makefile', line 24)
NAME := ircserv
# automatic
%D = $(patsubst %/,%,$(dir $%))
# default
MAKE_COMMAND := /Applications/Xcode.app/Contents/Developer/usr/bin/make
# default
.VARIABLES := 
# environment
TMPDIR = /var/folders/zz/zyxvpxvq6csfxvn_n000cxlm0037cx/T/
# automatic
*F = $(notdir $*)
# environment
VSCODE_IPC_HOOK = /Users/jaeyojun/Library/Application Support/Code/1.79-main.sock
# environment
MallocNanoZone = 0
# makefile
MAKEFLAGS = Rrqp
# environment
MFLAGS = -Rrqp
# automatic
*D = $(patsubst %/,%,$(dir $*))
# environment
XPC_SERVICE_NAME = com.microsoft.VSCode.1204
# automatic
+D = $(patsubst %/,%,$(dir $+))
# environment
VSCODE_L10N_BUNDLE_LOCATION = 
# automatic
+F = $(notdir $+)
# environment
__CF_USER_TEXT_ENCODING = 0x19D9D:0x3:0x33
# default
MAKEFILES := 
# automatic
<F = $(notdir $<)
# makefile (from `Makefile', line 1)
CXX := c++
# environment
LC_ALL = C
# automatic
^F = $(notdir $^)
# default
SUFFIXES := 
# default
.INCLUDE_DIRS = /usr/local/include
# environment
MAKELEVEL := 0
# environment
LANG = C
# environment
VSCODE_PID = 2053
# variable set hash-table stats:
# Load=67/1024=7%, Rehash=0, Collisions=3/110=3%

# Pattern-specific Variable Values

# No pattern-specific variable values.

# Directories

# . (device 16777225, inode 4995891): 6 files, no impossibilities.
# src (device 16777225, inode 4997015): 6 files, no impossibilities so far.

# 12 files, no impossibilities in 2 directories.

# Implicit Rules

%.cpp:

%.o: %.cpp
#  commands to execute (from `Makefile', line 28):
	$(CXX) $(CXXFLAGS) -c $< -o $@
	

%.o:

# 3 implicit rules, 0 (0.0%) terminal.

# Files

# Not a target:
src/Server.o:
#  Implicit rule search has not been done.
#  Modification time never checked.
#  File has not been updated.

all: ircserv
#  Phony target (prerequisite of .PHONY).
#  Command-line target.
#  Implicit rule search has not been done.
#  File does not exist.
#  File has been updated.
#  Needs to be updated (-q is set).
# variable set hash-table stats:
# Load=0/32=0%, Rehash=0, Collisions=0/4=0%

# Not a target:
.o:
 
#  Implicit rule search has not been done.
#  Modification time never checked.
#  File has not been updated.

# Not a target:
src/Message.o:
#  Implicit rule search has not been done.
#  Modification time never checked.
#  File has not been updated.

.PHONY: all clean fclean re
#  Implicit rule search has not been done.
#  Modification time never checked.
#  File has not been updated.

src/main.o: src/main.cpp
#  Implicit rule search has been done.
#  Implicit/static pattern stem: `src/main'
#  File does not exist.
#  File has been updated.
#  Needs to be updated (-q is set).
# automatic
# @ := src/main.o
# automatic
# % := 
# automatic
# * := src/main
# automatic
# + := src/main.cpp
# automatic
# | := 
# automatic
# < := src/main.cpp
# automatic
# ^ := src/main.cpp
# automatic
# ? := src/main.cpp
# variable set hash-table stats:
# Load=8/32=25%, Rehash=0, Collisions=1/14=7%
#  commands to execute (from `Makefile', line 28):
	$(CXX) $(CXXFLAGS) -c $< -o $@
	

# Not a target:
src/Channel.o:
#  Implicit rule search has not been done.
#  Modification time never checked.
#  File has not been updated.

.SUFFIXES: .cpp .o
#  Implicit rule search has not been done.
#  Modification time never checked.
#  File has not been updated.

# Not a target:
Makefile:
#  Implicit rule search has been done.
#  Last modified 2023-11-10 20:25:48
#  File has been updated.
#  Successfully updated.
# variable set hash-table stats:
# Load=0/32=0%, Rehash=0, Collisions=0/0=0%

ircserv: src/main.o src/Server.o src/Message.o src/Client.o src/Channel.o src/Command.o
#  Implicit rule search has not been done.
#  File does not exist.
#  File has been updated.
#  Needs to be updated (-q is set).
# variable set hash-table stats:
# Load=0/32=0%, Rehash=0, Collisions=0/4=0%
#  commands to execute (from `Makefile', line 33):
	$(CXX) $(LDFLAGS) $(OBJS) -o $@
	

fclean:
#  Phony target (prerequisite of .PHONY).
#  Implicit rule search has not been done.
#  File does not exist.
#  File has not been updated.
#  commands to execute (from `Makefile', line 39):
	make clean
	rm -f $(NAME)
	

# Not a target:
.DEFAULT:
#  Implicit rule search has not been done.
#  Modification time never checked.
#  File has not been updated.

re:
#  Phony target (prerequisite of .PHONY).
#  Implicit rule search has not been done.
#  File does not exist.
#  File has not been updated.
#  commands to execute (from `Makefile', line 43):
	make fclean
	make $(NAME)
	

.cpp.o:
#  Implicit rule search has not been done.
#  Modification time never checked.
#  File has not been updated.
#  commands to execute (from `Makefile', line 28):
	$(CXX) $(CXXFLAGS) -c $< -o $@
	

# Not a target:
.cpp:
#  Implicit rule search has not been done.
#  Modification time never checked.
#  File has not been updated.

clean:
#  Phony target (prerequisite of .PHONY).
#  Implicit rule search has not been done.
#  File does not exist.
#  File has not been updated.
#  commands to execute (from `Makefile', line 36):
	rm -f $(OBJS)
	

# Not a target:
src/main.cpp:
#  Implicit rule search has been done.
#  Last modified 2023-11-11 12:36:54
#  File has been updated.
#  Successfully updated.
# variable set hash-table stats:
# Load=0/32=0%, Rehash=0, Collisions=0/0=0%

# Not a target:
src/Command.o:
#  Implicit rule search has not been done.
#  Modification time never checked.
#  File has not been updated.

# Not a target:
src/Client.o:
#  Implicit rule search has not been done.
#  Modification time never checked.
#  File has not been updated.

# files hash-table stats:
# Load=19/1024=2%, Rehash=0, Collisions=2/51=4%
# VPATH Search Paths

# No `vpath' search paths.

# No general (`VPATH' variable) search path.

# # of strings in strcache: 1
# # of strcache buffers: 1
# strcache size: total = 4096 / max = 4096 / min = 4096 / avg = 4096
# strcache free: total = 4087 / max = 4087 / min = 4087 / avg = 4087

# Finished Make data base on Mon Nov 27 19:13:52 2023

 
