make all --print-data-base --no-builtin-variables --no-builtin-rules --question
# GNU Make 3.81
# Copyright (C) 2006  Free Software Foundation, Inc.
# This is free software; see the source for copying conditions.
# There is NO warranty; not even for MERCHANTABILITY or FITNESS FOR A
# PARTICULAR PURPOSE.

# This program built for i386-apple-darwin11.3.0

# Make data base, printed on Fri Jan 26 16:28:41 2024

# Variables

# automatic
<D = $(patsubst %/,%,$(dir $<))
# automatic
?F = $(notdir $?)
# makefile (from `Makefile', line 23)
OBJ = $(SRC:.c=.o)
# environment
VSCODE_CRASH_REPORTER_PROCESS_TYPE = extensionHost
# makefile (from `Makefile', line 16)
SRC = error_free.c findpath_libft.c path_split.c pipex.c split.c combine_acces.c 
# automatic
?D = $(patsubst %/,%,$(dir $?))
# automatic
@D = $(patsubst %/,%,$(dir $@))
# automatic
@F = $(notdir $@)
# makefile
CURDIR := /Users/jaeyojun/Desktop/42서울본과정/pipex
# makefile
SHELL = /bin/sh
# environment
VSCODE_NLS_CONFIG = {"locale":"en-us","osLocale":"en","availableLanguages":{},"_languagePackSupport":true}
# environment
_ = /usr/bin/make
# makefile (from `Makefile', line 14)
CFLAGS = -Wall -Wextra -Werror
# makefile (from `Makefile', line 1)
MAKEFILE_LIST :=  Makefile
# makefile (from `Makefile', line 25)
BONUS = bonus_pipex
# environment
VSCODE_CWD = /
# environment
PATH = /Users/jaeyojun/.brew/bin:/Users/jaeyojun/.brew/bin:/usr/local/bin:/usr/bin:/bin:/usr/sbin:/sbin:/usr/local/munki:/Library/Apple/usr/bin
# environment
LaunchInstanceID = 79D133D9-E989-4A63-A990-32A0272C5FB7
# environment
ELECTRON_RUN_AS_NODE = 1
# default
.FEATURES := target-specific order-only second-expansion else-if archives jobserver check-symlink
# environment
SSH_AUTH_SOCK = /private/tmp/com.apple.launchd.2UMKw8qwdl/Listeners
# automatic
%F = $(notdir $%)
# environment
PWD = /Users/jaeyojun/Desktop/42서울본과정/pipex
# environment
ORIGINAL_XDG_CURRENT_DESKTOP = undefined
# environment
VSCODE_AMD_ENTRYPOINT = vs/workbench/api/node/extensionHostProcess
# environment
HOME = /Users/jaeyojun
# makefile (from `Makefile', line 39)
BONUS_OBJ = $(BONUS_SRC:.c=.o)
# default
MAKEFILEPATH := /Applications/Xcode.app/Contents/Developer/Makefiles
# environment
VSCODE_CODE_CACHE_PATH = /Users/jaeyojun/Library/Application Support/Code/CachedData/0ee08df0cf4527e40edc9aa28f4b5bd38bbff2b2
# environment
LOGNAME = jaeyojun
# environment
APPLICATION_INSIGHTS_NO_DIAGNOSTIC_CHANNEL = 1
# environment
VSCODE_HANDLES_UNCAUGHT_ERRORS = true
# automatic
^D = $(patsubst %/,%,$(dir $^))
# environment
XPC_FLAGS = 0x0
# default
MAKE = $(MAKE_COMMAND)
# default
MAKECMDGOALS := all
# environment
SHLVL = 1
# makefile (from `Makefile', line 13)
CC = cc
# default
MAKE_VERSION := 3.81
# environment
USER = jaeyojun
# makefile
.DEFAULT_GOAL := all
# makefile (from `Makefile', line 15)
NAME = pipex
# automatic
%D = $(patsubst %/,%,$(dir $%))
# default
MAKE_COMMAND := /Applications/Xcode.app/Contents/Developer/usr/bin/make
# default
.VARIABLES := 
# environment
TMPDIR = /var/folders/zz/zyxvpxvq6csfxvn_n000cxlm0037cx/T/
# automatic
*F = $(notdir $*)
# environment
VSCODE_IPC_HOOK = /Users/jaeyojun/Library/Application Support/Code/1.85-main.sock
# environment
MallocNanoZone = 0
# makefile
MAKEFLAGS = Rrqp
# environment
MFLAGS = -Rrqp
# automatic
*D = $(patsubst %/,%,$(dir $*))
# environment
XPC_SERVICE_NAME = com.apple.xpc.launchd.oneshot.0x10000004.Electron
# automatic
+D = $(patsubst %/,%,$(dir $+))
# automatic
+F = $(notdir $+)
# environment
__CF_USER_TEXT_ENCODING = 0x19D9D:0x3:0x33
# environment
COMMAND_MODE = unix2003
# default
MAKEFILES := 
# automatic
<F = $(notdir $<)
# environment
LC_ALL = C
# makefile (from `Makefile', line 26)
BONUS_SRC = ./bonus/bonus_error_free.c ./bonus/bonus_findpath_libft.c ./bonus/bonus_path_split.c ./bonus/bonus_pipex.c ./bonus/bonus_split.c ./bonus/bonus_get_next_line_utils.c ./bonus/bonus_get_next_line.c ./bonus/bonus_combine_acces.c ./bonus/bonus_heredoc.c ./bonus/bonus_multipipe.c ./bonus/bonus_here_mult.c 
# environment
SECURITYSESSIONID = 186a6
# automatic
^F = $(notdir $^)
# default
SUFFIXES := 
# default
.INCLUDE_DIRS = /usr/local/include
# environment
MAKELEVEL := 0
# environment
LANG = C
# environment
VSCODE_PID = 1771
# variable set hash-table stats:
# Load=68/1024=7%, Rehash=0, Collisions=3/100=3%

# Pattern-specific Variable Values

# No pattern-specific variable values.

# Directories

# . (device 16777225, inode 3252433): 24 files, no impossibilities.

# 24 files, no impossibilities in 1 directories.

# Implicit Rules

%.o: %.c
#  commands to execute (from `Makefile', line 51):
	$(CC) $(CFLAGS) -c -o $@ $<
	

# 1 implicit rules, 0 (0.0%) terminal.

# Files

# Not a target:
bonus/bonus_here_mult.o:
#  Implicit rule search has not been done.
#  Modification time never checked.
#  File has not been updated.

all: pipex
#  Command-line target.
#  Implicit rule search has been done.
#  File does not exist.
#  File has been updated.
#  Successfully updated.
# variable set hash-table stats:
# Load=0/32=0%, Rehash=0, Collisions=0/0=0%

.PHONY: clean fclean re
#  Implicit rule search has not been done.
#  Modification time never checked.
#  File has not been updated.

# Not a target:
findpath_libft.c:
#  Implicit rule search has been done.
#  Last modified 2023-07-16 20:21:58
#  File has been updated.
#  Successfully updated.
# variable set hash-table stats:
# Load=0/32=0%, Rehash=0, Collisions=0/0=0%

# Not a target:
bonus/bonus_combine_acces.o:
#  Implicit rule search has not been done.
#  Modification time never checked.
#  File has not been updated.

# Not a target:
split.c:
#  Implicit rule search has been done.
#  Last modified 2023-07-16 20:22:40
#  File has been updated.
#  Successfully updated.
# variable set hash-table stats:
# Load=0/32=0%, Rehash=0, Collisions=0/0=0%

# Not a target:
.SUFFIXES:
#  Implicit rule search has not been done.
#  Modification time never checked.
#  File has not been updated.

# Not a target:
Makefile:
#  Implicit rule search has been done.
#  Last modified 2023-07-16 20:31:18
#  File has been updated.
#  Successfully updated.
# variable set hash-table stats:
# Load=0/32=0%, Rehash=0, Collisions=0/0=0%

# Not a target:
bonus/bonus_error_free.o:
#  Implicit rule search has not been done.
#  Modification time never checked.
#  File has not been updated.

# Not a target:
bonus/bonus_get_next_line_utils.o:
#  Implicit rule search has not been done.
#  Modification time never checked.
#  File has not been updated.

# Not a target:
pipex.c:
#  Implicit rule search has been done.
#  Last modified 2023-07-18 14:15:42
#  File has been updated.
#  Successfully updated.
# variable set hash-table stats:
# Load=0/32=0%, Rehash=0, Collisions=0/0=0%

# Not a target:
bonus/bonus_path_split.o:
#  Implicit rule search has not been done.
#  Modification time never checked.
#  File has not been updated.

path_split.o: path_split.c
#  Implicit rule search has been done.
#  Implicit/static pattern stem: `path_split'
#  Last modified 2023-08-05 14:08:44
#  File has been updated.
#  Successfully updated.
# variable set hash-table stats:
# Load=0/32=0%, Rehash=0, Collisions=0/0=0%
#  commands to execute (from `Makefile', line 51):
	$(CC) $(CFLAGS) -c -o $@ $<
	

# Not a target:
bonus/bonus_heredoc.o:
#  Implicit rule search has not been done.
#  Modification time never checked.
#  File has not been updated.

bonus_pipex: bonus/bonus_error_free.o bonus/bonus_findpath_libft.o bonus/bonus_path_split.o bonus/bonus_pipex.o bonus/bonus_split.o bonus/bonus_get_next_line_utils.o bonus/bonus_get_next_line.o bonus/bonus_combine_acces.o bonus/bonus_heredoc.o bonus/bonus_multipipe.o bonus/bonus_here_mult.o
#  Implicit rule search has not been done.
#  Modification time never checked.
#  File has not been updated.
#  commands to execute (from `Makefile', line 48):
	$(CC) $(CFLAGS) -o $@ $(BONUS_OBJ)
	

error_free.o: error_free.c
#  Implicit rule search has been done.
#  Implicit/static pattern stem: `error_free'
#  Last modified 2023-08-05 14:08:44
#  File has been updated.
#  Successfully updated.
# variable set hash-table stats:
# Load=0/32=0%, Rehash=0, Collisions=0/0=0%
#  commands to execute (from `Makefile', line 51):
 
	$(CC) $(CFLAGS) -c -o $@ $<
	

bonus: all bonus_pipex
#  Implicit rule search has not been done.
#  Modification time never checked.
#  File has not been updated.
#  commands to execute (from `Makefile', line 56):
	

fclean: clean
#  Phony target (prerequisite of .PHONY).
#  Implicit rule search has not been done.
#  File does not exist.
#  File has not been updated.
#  commands to execute (from `Makefile', line 62):
	rm -f $(NAME)
	rm -f $(BONUS)
	

# Not a target:
bonus/bonus_split.o:
#  Implicit rule search has not been done.
#  Modification time never checked.
#  File has not been updated.

combine_acces.o: combine_acces.c
#  Implicit rule search has been done.
#  Implicit/static pattern stem: `combine_acces'
#  Last modified 2023-08-05 14:08:44
#  File has been updated.
#  Successfully updated.
# variable set hash-table stats:
# Load=0/32=0%, Rehash=0, Collisions=0/0=0%
#  commands to execute (from `Makefile', line 51):
	$(CC) $(CFLAGS) -c -o $@ $<
	

# Not a target:
.DEFAULT:
#  Implicit rule search has not been done.
#  Modification time never checked.
#  File has not been updated.

# Not a target:
bonus/bonus_findpath_libft.o:
#  Implicit rule search has not been done.
#  Modification time never checked.
#  File has not been updated.

re: fclean all
#  Phony target (prerequisite of .PHONY).
#  Implicit rule search has not been done.
#  File does not exist.
#  File has not been updated.

# Not a target:
bonus/bonus_get_next_line.o:
#  Implicit rule search has not been done.
#  Modification time never checked.
#  File has not been updated.

clean:
#  Phony target (prerequisite of .PHONY).
#  Implicit rule search has not been done.
#  File does not exist.
#  File has not been updated.
#  commands to execute (from `Makefile', line 58):
	rm -f $(OBJ)
	rm -f $(BONUS_OBJ)
	

# Not a target:
path_split.c:
#  Implicit rule search has been done.
#  Last modified 2023-07-16 20:22:08
#  File has been updated.
#  Successfully updated.
# variable set hash-table stats:
# Load=0/32=0%, Rehash=0, Collisions=0/0=0%

# Not a target:
error_free.c:
#  Implicit rule search has been done.
#  Last modified 2023-07-16 14:53:50
#  File has been updated.
#  Successfully updated.
# variable set hash-table stats:
# Load=0/32=0%, Rehash=0, Collisions=0/0=0%

findpath_libft.o: findpath_libft.c
#  Implicit rule search has been done.
#  Implicit/static pattern stem: `findpath_libft'
#  Last modified 2023-08-05 14:08:44
#  File has been updated.
#  Successfully updated.
# variable set hash-table stats:
# Load=0/32=0%, Rehash=0, Collisions=0/0=0%
#  commands to execute (from `Makefile', line 51):
	$(CC) $(CFLAGS) -c -o $@ $<
	

# Not a target:
bonus/bonus_multipipe.o:
#  Implicit rule search has not been done.
#  Modification time never checked.
#  File has not been updated.

split.o: split.c
#  Implicit rule search has been done.
#  Implicit/static pattern stem: `split'
#  Last modified 2023-08-05 14:08:44
#  File has been updated.
#  Successfully updated.
# variable set hash-table stats:
# Load=0/32=0%, Rehash=0, Collisions=0/0=0%
#  commands to execute (from `Makefile', line 51):
	$(CC) $(CFLAGS) -c -o $@ $<
	

# Not a target:
combine_acces.c:
#  Implicit rule search has been done.
#  Last modified 2023-07-16 20:21:51
#  File has been updated.
#  Successfully updated.
# variable set hash-table stats:
# Load=0/32=0%, Rehash=0, Collisions=0/0=0%

# Not a target:
bonus/bonus_pipex.o:
#  Implicit rule search has not been done.
#  Modification time never checked.
#  File has not been updated.

pipex.o: pipex.c
#  Implicit rule search has been done.
#  Implicit/static pattern stem: `pipex'
#  Last modified 2023-08-05 14:08:44
#  File has been updated.
#  Successfully updated.
# variable set hash-table stats:
# Load=0/32=0%, Rehash=0, Collisions=0/0=0%
#  commands to execute (from `Makefile', line 51):
	$(CC) $(CFLAGS) -c -o $@ $<
	

pipex: error_free.o findpath_libft.o path_split.o pipex.o split.o combine_acces.o
#  Implicit rule search has not been done.
#  Last modified 2023-08-05 14:08:44
#  File has been updated.
#  Successfully updated.
# variable set hash-table stats:
# Load=0/32=0%, Rehash=0, Collisions=0/0=0%
#  commands to execute (from `Makefile', line 45):
	$(CC) $(CFLAGS) -o $@ $(OBJ) 
	

# files hash-table stats:
# Load=34/1024=3%, Rehash=0, Collisions=0/91=0%
# VPATH Search Paths

# No `vpath' search paths.

# No general (`VPATH' variable) search path.

# # of strings in strcache: 1
# # of strcache buffers: 1
# strcache size: total = 4096 / max = 4096 / min = 4096 / avg = 4096
# strcache free: total = 4087 / max = 4087 / min = 4087 / avg = 4087

# Finished Make data base on Fri Jan 26 16:28:41 2024

 
