make all --print-data-base --no-builtin-variables --no-builtin-rules --question
# GNU Make 3.81
# Copyright (C) 2006  Free Software Foundation, Inc.
# This is free software; see the source for copying conditions.
# There is NO warranty; not even for MERCHANTABILITY or FITNESS FOR A
# PARTICULAR PURPOSE.

# This program built for i386-apple-darwin11.3.0
 

# Make data base, printed on Fri Feb  9 11:30:55 2024

# Variables

# automatic
<D = $(patsubst %/,%,$(dir $<))
# automatic
?F = $(notdir $?)
# environment
VSCODE_CRASH_REPORTER_PROCESS_TYPE = extensionHost
# automatic
?D = $(patsubst %/,%,$(dir $?))
# automatic
@D = $(patsubst %/,%,$(dir $@))
# automatic
 
@F = $(notdir $@)
# makefile
CURDIR := /Users/jaeyojun/Desktop/42서울본과정커밋1/circle4/cub3D
# makefile
SHELL = /bin/sh
# environment
VSCODE_NLS_CONFIG = {"locale":"en-us","osLocale":"en","availableLanguages":{},"_languagePackSupport":true}
# makefile (from `Makefile', line 18)
MLX = -L$(MLX_DIR) -lmlx -framework OpenGL -framework Appkit
# environment
_ = /usr/bin/make
# makefile (from `Makefile', line 16)
CFLAGS = -Wall -Wextra -Werror
# makefile (from `Makefile', line 1)
MAKEFILE_LIST :=  Makefile
# makefile (from `Makefile', line 27)
OBJS = $(SRCS:.c=.o) $(GNL:.c=.o)
# environment
VSCODE_CWD = /
# environment
PATH = /Users/jaeyojun/.brew/bin:/Users/jaeyojun/.brew/bin:/usr/local/bin:/usr/bin:/bin:/usr/sbin:/sbin:/usr/local/munki:/Library/Apple/usr/bin
# environment
LaunchInstanceID = E1366673-C62B-4695-8081-A360FD3D42D9
# environment
ELECTRON_RUN_AS_NODE = 1
# default
.FEATURES := target-specific order-only second-expansion else-if archives jobserver check-symlink
# environment
SSH_AUTH_SOCK = /private/tmp/com.apple.launchd.EsImeh8GsE/Listeners
# automatic
%F = $(notdir $%)
# environment
PWD = /Users/jaeyojun/Desktop/42서울본과정커밋1/circle4/cub3D
# environment
ORIGINAL_XDG_CURRENT_DESKTOP = undefined
# environment
VSCODE_AMD_ENTRYPOINT = vs/workbench/api/node/extensionHostProcess
# environment
HOME = /Users/jaeyojun
# default
MAKEFILEPATH := /Applications/Xcode.app/Contents/Developer/Makefiles
# environment
VSCODE_CODE_CACHE_PATH = /Users/jaeyojun/Library/Application Support/Code/CachedData/0ee08df0cf4527e40edc9aa28f4b5bd38bbff2b2
# environment
LOGNAME = jaeyojun
# environment
APPLICATION_INSIGHTS_NO_DIAGNOSTIC_CHANNEL = 1
# environment
VSCODE_HANDLES_UNCAUGHT_ERRORS = true
# automatic
^D = $(patsubst %/,%,$(dir $^))
# environment
XPC_FLAGS = 0x0
# default
MAKE = $(MAKE_COMMAND)
# default
MAKECMDGOALS := all
# makefile (from `Makefile', line 22)
SRCS = main.c error_free.c read_map.c get_direction.c set_rgb.c check_map.c check_wall.c check_zero.c check_overlap.c str/str.c str/split.c str/str2.c dda.c keyhook.c render.c init.c texture.c 
# environment
SHLVL = 1
# makefile (from `Makefile', line 15)
CC = CC
# default
MAKE_VERSION := 3.81
# environment
USER = jaeyojun
# makefile
.DEFAULT_GOAL := all
# makefile (from `Makefile', line 13)
NAME = cub3D
# automatic
%D = $(patsubst %/,%,$(dir $%))
# default
MAKE_COMMAND := /Applications/Xcode.app/Contents/Developer/usr/bin/make
# default
.VARIABLES := 
# environment
TMPDIR = /var/folders/zz/zyxvpxvq6csfxvn_n000cxlm0037cx/T/
# automatic
*F = $(notdir $*)
# environment
VSCODE_IPC_HOOK = /Users/jaeyojun/Library/Application Support/Code/1.85-main.sock
# environment
MallocNanoZone = 0
# makefile
MAKEFLAGS = Rrqp
# environment
MFLAGS = -Rrqp
# automatic
*D = $(patsubst %/,%,$(dir $*))
# environment
XPC_SERVICE_NAME = com.apple.xpc.launchd.oneshot.0x1000000a.Electron
# automatic
+D = $(patsubst %/,%,$(dir $+))
# automatic
+F = $(notdir $+)
# environment
__CF_USER_TEXT_ENCODING = 0x19D9D:0x3:0x33
# environment
COMMAND_MODE = unix2003
# default
MAKEFILES := 
# makefile (from `Makefile', line 20)
GNL = get_next_line/get_next_line.c get_next_line/get_next_line_utils.c
# automatic
<F = $(notdir $<)
# makefile (from `Makefile', line 17)
MLX_DIR = ./mlx
# environment
LC_ALL = C
# environment
SECURITYSESSIONID = 186bf
# automatic
^F = $(notdir $^)
# default
SUFFIXES := 
# default
.INCLUDE_DIRS = /usr/local/include
# environment
MAKELEVEL := 0
# environment
LANG = C
# environment
VSCODE_PID = 15128
# variable set hash-table stats:
# Load=68/1024=7%, Rehash=0, Collisions=5/97=5%

# Pattern-specific Variable Values

# No pattern-specific variable values.

# Directories

# . (device 16777225, inode 4064296): 40 files, no impossibilities.
# str (device 16777225, inode 4064413): 7 files, no impossibilities so far.
# get_next_line (device 16777225, inode 4064366): 6 files, no impossibilities so far.

# 53 files, no impossibilities in 3 directories.

# Implicit Rules

%.o: %.c
#  commands to execute (from `Makefile', line 32):
	@$(CC) $(CFLAGS) -c -o $@ $<
	

# 1 implicit rules, 0 (0.0%) terminal.

# Files

check_wall.o: check_wall.c
#  Implicit rule search has been done.
#  Implicit/static pattern stem: `check_wall'
#  Last modified 2024-02-05 22:51:59
#  File has been updated.
#  Successfully updated.
# variable set hash-table stats:
# Load=0/32=0%, Rehash=0, Collisions=0/0=0%
#  commands to execute (from `Makefile', line 32):
	@$(CC) $(CFLAGS) -c -o $@ $<
	

# Not a target:
read_map.c:
#  Implicit rule search has been done.
#  Last modified 2024-02-05 22:57:09
#  File has been updated.
#  Successfully updated.
# variable set hash-table stats:
# Load=0/32=0%, Rehash=0, Collisions=0/0=0%

# Not a target:
get_direction.c:
#  Implicit rule search has been done.
 
#  Last modified 2023-09-17 03:21:07
#  File has been updated.
#  Successfully updated.
# variable set hash-table stats:
# Load=0/32=0%, Rehash=0, Collisions=0/0=0%

# Not a target:
init.c:
#  Implicit rule search has been done.
#  Last modified 2023-09-17 03:21:07
#  File has been updated.
#  Successfully updated.
# variable set hash-table stats:
# Load=0/32=0%, Rehash=0, Collisions=0/0=0%

check_zero.o: check_zero.c
#  Implicit rule search has been done.
#  Implicit/static pattern stem: `check_zero'
#  Last modified 2024-02-05 22:51:59
#  File has been updated.
#  Successfully updated.
# variable set hash-table stats:
# Load=0/32=0%, Rehash=0, Collisions=0/0=0%
#  commands to execute (from `Makefile', line 32):
	@$(CC) $(CFLAGS) -c -o $@ $<
	

all: cub3D
#  Phony target (prerequisite of .PHONY).
#  Command-line target.
#  Implicit rule search has not been done.
#  File does not exist.
#  File has been updated.
#  Successfully updated.
# variable set hash-table stats:
# Load=0/32=0%, Rehash=0, Collisions=0/0=0%

.PHONY: all clean fclean re
#  Implicit rule search has not been done.
#  Modification time never checked.
#  File has not been updated.

# Not a target:
main.c:
#  Implicit rule search has been done.
#  Last modified 2023-09-17 03:21:07
#  File has been updated.
#  Successfully updated.
# variable set hash-table stats:
# Load=0/32=0%, Rehash=0, Collisions=0/0=0%

cub3D: main.o error_free.o read_map.o get_direction.o set_rgb.o check_map.o check_wall.o check_zero.o check_overlap.o str/str.o str/split.o str/str2.o dda.o keyhook.o render.o init.o texture.o get_next_line/get_next_line.o get_next_line/get_next_line_utils.o
#  Implicit rule search has not been done.
#  Last modified 2024-02-05 22:57:14
#  File has been updated.
#  Successfully updated.
# variable set hash-table stats:
# Load=0/32=0%, Rehash=0, Collisions=0/0=0%
#  commands to execute (from `Makefile', line 35):
	@make -C $(MLX_DIR)
	$(CC) $(CFLAGS) $(OBJS) -o $(NAME) $(MLX)
	

keyhook.o: keyhook.c
#  Implicit rule search has been done.
#  Implicit/static pattern stem: `keyhook'
#  Last modified 2024-02-05 22:51:59
#  File has been updated.
#  Successfully updated.
# variable set hash-table stats:
# Load=0/32=0%, Rehash=0, Collisions=0/0=0%
#  commands to execute (from `Makefile', line 32):
	@$(CC) $(CFLAGS) -c -o $@ $<
	

check_map.o: check_map.c
#  Implicit rule search has been done.
#  Implicit/static pattern stem: `check_map'
#  Last modified 2024-02-05 22:51:59
#  File has been updated.
#  Successfully updated.
# variable set hash-table stats:
# Load=0/32=0%, Rehash=0, Collisions=0/0=0%
#  commands to execute (from `Makefile', line 32):
	@$(CC) $(CFLAGS) -c -o $@ $<
	

# Not a target:
dda.c:
#  Implicit rule search has been done.
#  Last modified 2023-09-17 03:21:07
#  File has been updated.
#  Successfully updated.
# variable set hash-table stats:
# Load=0/32=0%, Rehash=0, Collisions=0/0=0%

get_next_line/get_next_line_utils.o: get_next_line/get_next_line_utils.c
#  Implicit rule search has been done.
#  Implicit/static pattern stem: `get_next_line/get_next_line_utils'
#  Last modified 2024-02-05 22:51:59
#  File has been updated.
#  Successfully updated.
# variable set hash-table stats:
# Load=0/32=0%, Rehash=0, Collisions=0/0=0%
#  commands to execute (from `Makefile', line 32):
	@$(CC) $(CFLAGS) -c -o $@ $<
	

check_overlap.o: check_overlap.c
#  Implicit rule search has been done.
#  Implicit/static pattern stem: `check_overlap'
#  Last modified 2024-02-05 22:51:59
#  File has been updated.
#  Successfully updated.
# variable set hash-table stats:
# Load=0/32=0%, Rehash=0, Collisions=0/0=0%
#  commands to execute (from `Makefile', line 32):
	@$(CC) $(CFLAGS) -c -o $@ $<
	

# Not a target:
render.c:
#  Implicit rule search has been done.
#  Last modified 2023-09-17 03:21:07
#  File has been updated.
#  Successfully updated.
# variable set hash-table stats:
# Load=0/32=0%, Rehash=0, Collisions=0/0=0%

# Not a target:
.SUFFIXES:
#  Implicit rule search has not been done.
#  Modification time never checked.
#  File has not been updated.

# Not a target:
Makefile:
#  Implicit rule search has been done.
#  Last modified 2023-09-17 03:21:07
#  File has been updated.
#  Successfully updated.
# variable set hash-table stats:
# Load=0/32=0%, Rehash=0, Collisions=0/0=0%

set_rgb.o: set_rgb.c
#  Implicit rule search has been done.
#  Implicit/static pattern stem: `set_rgb'
#  Last modified 2024-02-05 22:51:59
#  File has been updated.
#  Successfully updated.
# variable set hash-table stats:
# Load=0/32=0%, Rehash=0, Collisions=0/0=0%
#  commands to execute (from `Makefile', line 32):
	@$(CC) $(CFLAGS) -c -o $@ $<
	

# Not a target:
str/str.c:
#  Implicit rule search has been done.
#  Last modified 2023-09-17 03:21:07
#  File has been updated.
#  Successfully updated.
# variable set hash-table stats:
# Load=0/32=0%, Rehash=0, Collisions=0/0=0%

# Not a target:
check_wall.c:
#  Implicit rule search has been done.
#  Last modified 2023-09-17 03:21:07
#  File has been updated.
#  Successfully updated.
# variable set hash-table stats:
# Load=0/32=0%, Rehash=0, Collisions=0/0=0%

str/str2.o: str/str2.c
#  Implicit rule search has been done.
#  Implicit/static pattern stem: `str/str2'
#  Last modified 2024-02-05 22:51:59
#  File has been updated.
#  Successfully updated.
# variable set hash-table stats:
# Load=0/32=0%, Rehash=0, Collisions=0/0=0%
#  commands to execute (from `Makefile', line 32):
	@$(CC) $(CFLAGS) -c -o $@ $<
	

error_free.o: error_free.c
#  Implicit rule search has been done.
#  Implicit/static pattern stem: `error_free'
#  Last modified 2024-02-05 22:51:59
#  File has been updated.
#  Successfully updated.
# variable set hash-table stats:
# Load=0/32=0%, Rehash=0, Collisions=0/0=0%
#  commands to execute (from `Makefile', line 32):
	@$(CC) $(CFLAGS) -c -o $@ $<
	

# Not a target:
check_zero.c:
#  Implicit rule search has been done.
#  Last modified 2023-09-17 03:21:07
#  File has been updated.
#  Successfully updated.
# variable set hash-table stats:
# Load=0/32=0%, Rehash=0, Collisions=0/0=0%

bonus: all
#  Implicit rule search has not been done.
#  Modification time never checked.
#  File has not been updated.

fclean: clean
#  Phony target (prerequisite of .PHONY).
#  Implicit rule search has not been done.
#  File does not exist.
#  File has not been updated.
#  commands to execute (from `Makefile', line 43):
	rm -f $(NAME)
	

str/split.o: str/split.c
#  Implicit rule search has been done.
#  Implicit/static pattern stem: `str/split'
#  Last modified 2024-02-05 22:51:59
#  File has been updated.
#  Successfully updated.
# variable set hash-table stats:
# Load=0/32=0%, Rehash=0, Collisions=0/0=0%
#  commands to execute (from `Makefile', line 32):
	@$(CC) $(CFLAGS) -c -o $@ $<
	

texture.o: texture.c
#  Implicit rule search has been done.
#  Implicit/static pattern stem: `texture'
#  Last modified 2024-02-05 22:51:59
#  File has been updated.
#  Successfully updated.
# variable set hash-table stats:
# Load=0/32=0%, Rehash=0, Collisions=0/0=0%
#  commands to execute (from `Makefile', line 32):
	@$(CC) $(CFLAGS) -c -o $@ $<
	

# Not a target:
keyhook.c:
#  Implicit rule search has been done.
#  Last modified 2023-09-17 03:21:07
#  File has been updated.
#  Successfully updated.
# variable set hash-table stats:
# Load=0/32=0%, Rehash=0, Collisions=0/0=0%

# Not a target:
check_map.c:
#  Implicit rule search has been done.
#  Last modified 2023-09-17 03:21:07
#  File has been updated.
#  Successfully updated.
# variable set hash-table stats:
# Load=0/32=0%, Rehash=0, Collisions=0/0=0%

# Not a target:
get_next_line/get_next_line_utils.c:
#  Implicit rule search has been done.
#  Last modified 2023-09-17 03:21:07
#  File has been updated.
#  Successfully updated.
# variable set hash-table stats:
# Load=0/32=0%, Rehash=0, Collisions=0/0=0%

# Not a target:
check_overlap.c:
#  Implicit rule search has been done.
#  Last modified 2023-09-17 03:21:07
#  File has been updated.
#  Successfully updated.
# variable set hash-table stats:
# Load=0/32=0%, Rehash=0, Collisions=0/0=0%

get_next_line/get_next_line.o: get_next_line/get_next_line.c
 
#  Implicit rule search has been done.
#  Implicit/static pattern stem: `get_next_line/get_next_line'
#  Last modified 2024-02-05 22:51:59
#  File has been updated.
#  Successfully updated.
# variable set hash-table stats:
# Load=0/32=0%, Rehash=0, Collisions=0/0=0%
#  commands to execute (from `Makefile', line 32):
	@$(CC) $(CFLAGS) -c -o $@ $<
	

# Not a target:
.DEFAULT:
#  Implicit rule search has not been done.
#  Modification time never checked.
#  File has not been updated.

# Not a target:
set_rgb.c:
#  Implicit rule search has been done.
#  Last modified 2023-09-17 03:21:07
#  File has been updated.
#  Successfully updated.
# variable set hash-table stats:
# Load=0/32=0%, Rehash=0, Collisions=0/0=0%

re: fclean all
#  Phony target (prerequisite of .PHONY).
#  Implicit rule search has not been done.
#  File does not exist.
#  File has not been updated.

clean:
#  Phony target (prerequisite of .PHONY).
#  Implicit rule search has not been done.
#  File does not exist.
#  File has not been updated.
#  commands to execute (from `Makefile', line 39):
	@make -C $(MLX_DIR) clean
	@rm -f $(OBJS)
	

read_map.o: read_map.c
#  Implicit rule search has been done.
#  Implicit/static pattern stem: `read_map'
#  Last modified 2024-02-05 22:57:13
#  File has been updated.
#  Successfully updated.
# variable set hash-table stats:
# Load=0/32=0%, Rehash=0, Collisions=0/0=0%
#  commands to execute (from `Makefile', line 32):
	@$(CC) $(CFLAGS) -c -o $@ $<
	

get_direction.o: get_direction.c
#  Implicit rule search has been done.
#  Implicit/static pattern stem: `get_direction'
#  Last modified 2024-02-05 22:51:59
#  File has been updated.
#  Successfully updated.
# variable set hash-table stats:
# Load=0/32=0%, Rehash=0, Collisions=0/0=0%
#  commands to execute (from `Makefile', line 32):
	@$(CC) $(CFLAGS) -c -o $@ $<
	

init.o: init.c
#  Implicit rule search has been done.
#  Implicit/static pattern stem: `init'
#  Last modified 2024-02-05 22:51:59
#  File has been updated.
#  Successfully updated.
# variable set hash-table stats:
# Load=0/32=0%, Rehash=0, Collisions=0/0=0%
#  commands to execute (from `Makefile', line 32):
	@$(CC) $(CFLAGS) -c -o $@ $<
	

# Not a target:
str/str2.c:
#  Implicit rule search has been done.
#  Last modified 2023-09-17 03:21:07
#  File has been updated.
#  Successfully updated.
# variable set hash-table stats:
# Load=0/32=0%, Rehash=0, Collisions=0/0=0%

# Not a target:
error_free.c:
#  Implicit rule search has been done.
#  Last modified 2023-09-17 03:21:07
#  File has been updated.
#  Successfully updated.
# variable set hash-table stats:
# Load=0/32=0%, Rehash=0, Collisions=0/0=0%

main.o: main.c
#  Implicit rule search has been done.
#  Implicit/static pattern stem: `main'
#  Last modified 2024-02-05 22:51:59
#  File has been updated.
#  Successfully updated.
# variable set hash-table stats:
# Load=0/32=0%, Rehash=0, Collisions=0/0=0%
#  commands to execute (from `Makefile', line 32):
	@$(CC) $(CFLAGS) -c -o $@ $<
	

# Not a target:
str/split.c:
#  Implicit rule search has been done.
#  Last modified 2023-09-17 03:21:07
#  File has been updated.
#  Successfully updated.
# variable set hash-table stats:
# Load=0/32=0%, Rehash=0, Collisions=0/0=0%

# Not a target:
texture.c:
#  Implicit rule search has been done.
#  Last modified 2023-09-17 03:21:07
#  File has been updated.
#  Successfully updated.
# variable set hash-table stats:
# Load=0/32=0%, Rehash=0, Collisions=0/0=0%

dda.o: dda.c
#  Implicit rule search has been done.
#  Implicit/static pattern stem: `dda'
#  Last modified 2024-02-05 22:51:59
#  File has been updated.
#  Successfully updated.
# variable set hash-table stats:
# Load=0/32=0%, Rehash=0, Collisions=0/0=0%
#  commands to execute (from `Makefile', line 32):
	@$(CC) $(CFLAGS) -c -o $@ $<
	

render.o: render.c
#  Implicit rule search has been done.
#  Implicit/static pattern stem: `render'
#  Last modified 2024-02-05 22:51:59
#  File has been updated.
#  Successfully updated.
# variable set hash-table stats:
# Load=0/32=0%, Rehash=0, Collisions=0/0=0%
#  commands to execute (from `Makefile', line 32):
	@$(CC) $(CFLAGS) -c -o $@ $<
	

# Not a target:
get_next_line/get_next_line.c:
#  Implicit rule search has been done.
#  Last modified 2023-09-17 03:21:07
#  File has been updated.
#  Successfully updated.
# variable set hash-table stats:
# Load=0/32=0%, Rehash=0, Collisions=0/0=0%

str/str.o: str/str.c
#  Implicit rule search has been done.
#  Implicit/static pattern stem: `str/str'
#  Last modified 2024-02-05 22:51:59
#  File has been updated.
#  Successfully updated.
# variable set hash-table stats:
# Load=0/32=0%, Rehash=0, Collisions=0/0=0%
#  commands to execute (from `Makefile', line 32):
	@$(CC) $(CFLAGS) -c -o $@ $<
	

# files hash-table stats:
# Load=48/1024=5%, Rehash=0, Collisions=0/146=0%
# VPATH Search Paths

# No `vpath' search paths.

# No general (`VPATH' variable) search path.

# # of strings in strcache: 1
# # of strcache buffers: 1
# strcache size: total = 4096 / max = 4096 / min = 4096 / avg = 4096
# strcache free: total = 4087 / max = 4087 / min = 4087 / avg = 4087

# Finished Make data base on Fri Feb  9 11:30:55 2024

 
